<?xml version="1.0" encoding="UTF-8"?>
<!-- Generated by org.testng.reporters.JUnitReportReporter -->
<testsuite hostname="DESKTOP-BB6ML0F" failures="0" tests="1" name="testNG.TestNGtest" time="0.004" errors="0" timestamp="07 Mar 2018 01:42:20 GMT" skipped="0">
  <testcase classname="testNG.TestNGtest" name="f" time="0.004"/>
</testsuite> <!-- testNG.TestNGtest -->
