<?xml version="1.0" encoding="UTF-8"?>
<!-- Generated by org.testng.reporters.JUnitReportReporter -->
<testsuite hostname="DESKTOP-BB6ML0F" failures="0" tests="2" name="testNG.FreecrmLoginPage_test" time="22.784" errors="0" timestamp="15 Mar 2018 05:23:06 GMT" skipped="0">
  <testcase classname="testNG.FreecrmLoginPage_test" name="Login" time="12.924"/>
  <testcase classname="testNG.FreecrmLoginPage_test" name="GetTitle" time="9.860"/>
</testsuite> <!-- testNG.FreecrmLoginPage_test -->
