<?xml version="1.0" encoding="UTF-8"?>
<!-- Generated by org.testng.reporters.JUnitReportReporter -->
<testsuite hostname="DESKTOP-BB6ML0F" failures="0" tests="1" name="testNG.ParameterTesting" time="17.466" errors="0" timestamp="16 Mar 2018 17:03:35 GMT" skipped="0">
  <testcase classname="testNG.ParameterTesting" name="createContacts" time="17.466"/>
</testsuite> <!-- testNG.ParameterTesting -->
