<?xml version="1.0" encoding="UTF-8"?>
<!-- Generated by org.testng.reporters.JUnitReportReporter -->
<testsuite hostname="DESKTOP-BB6ML0F" failures="0" tests="3" name="testNG.CrossBrowsertesting" time="25.364" errors="0" timestamp="20 Mar 2018 00:31:55 GMT" skipped="0">
  <testcase classname="testNG.CrossBrowsertesting" name="setup" time="7.568"/>
  <testcase classname="testNG.CrossBrowsertesting" name="setup" time="12.273"/>
  <testcase classname="testNG.CrossBrowsertesting" name="setup" time="5.523"/>
</testsuite> <!-- testNG.CrossBrowsertesting -->
