<?xml version="1.0" encoding="UTF-8"?>
<!-- Generated by org.testng.reporters.JUnitReportReporter -->
<testsuite hostname="DESKTOP-BB6ML0F" failures="0" tests="1" name="testNG.testNGBasics" time="0.000" errors="0" timestamp="07 Mar 2018 01:42:20 GMT" skipped="0">
  <testcase classname="testNG.testNGBasics" name="gettitle" time="0.000"/>
</testsuite> <!-- testNG.testNGBasics -->
